x:\tout le reste\visual studio 2022 project\ecosystemevolution\x64\debug\vc143.pdb
x:\tout le reste\visual studio 2022 project\ecosystemevolution\x64\debug\vc143.idb
x:\tout le reste\visual studio 2022 project\ecosystemevolution\x64\debug\objectd.obj
x:\tout le reste\visual studio 2022 project\ecosystemevolution\x64\debug\objectc.obj
x:\tout le reste\visual studio 2022 project\ecosystemevolution\x64\debug\objectb.obj
x:\tout le reste\visual studio 2022 project\ecosystemevolution\x64\debug\objecta.obj
x:\tout le reste\visual studio 2022 project\ecosystemevolution\x64\debug\main.obj
x:\tout le reste\visual studio 2022 project\ecosystemevolution\x64\debug\gameobject.obj
x:\tout le reste\visual studio 2022 project\ecosystemevolution\x64\debug\setup.obj
x:\tout le reste\visual studio 2022 project\system_evolution_ecosystem\x64\debug\vc143.pdb
x:\tout le reste\visual studio 2022 project\system_evolution_ecosystem\x64\debug\vc143.idb
x:\tout le reste\visual studio 2022 project\system_evolution_ecosystem\x64\debug\setup.obj
x:\tout le reste\visual studio 2022 project\system_evolution_ecosystem\x64\debug\main.obj
x:\tout le reste\visual studio 2022 project\system_evolution_ecosystem\x64\debug\objectd.obj
x:\tout le reste\visual studio 2022 project\system_evolution_ecosystem\x64\debug\objectc.obj
x:\tout le reste\visual studio 2022 project\system_evolution_ecosystem\x64\debug\objectb.obj
x:\tout le reste\visual studio 2022 project\system_evolution_ecosystem\x64\debug\objecta.obj
x:\tout le reste\visual studio 2022 project\system_evolution_ecosystem\x64\debug\gameobject.obj
x:\tout le reste\visual studio 2022 project\ecosystemevolution\x64\debug\ecosystemevolution.exe
x:\tout le reste\visual studio 2022 project\ecosystemevolution\x64\debug\ecosystemevolution.ilk
x:\tout le reste\visual studio 2022 project\ecosystemevolution\x64\debug\ecosystemevolution.pdb
x:\tout le reste\visual studio 2022 project\system_evolution_ecosystem\x64\debug\ecosystemevolution.exe
x:\tout le reste\visual studio 2022 project\system_evolution_ecosystem\x64\debug\ecosystemevolution.ilk
x:\tout le reste\visual studio 2022 project\system_evolution_ecosystem\x64\debug\ecosystemevolution.pdb
x:\tout le reste\visual studio 2022 project\system_evolution_ecosystem\x64\debug\main.obj.enc
x:\tout le reste\visual studio 2022 project\system_evolution_ecosystem\x64\debug\setup.obj.enc
x:\tout le reste\visual studio 2022 project\system_evolution_ecosystem\x64\debug\ecosyste.cc9e4136.tlog\cl.command.1.tlog
x:\tout le reste\visual studio 2022 project\system_evolution_ecosystem\x64\debug\ecosyste.cc9e4136.tlog\cl.read.1.tlog
x:\tout le reste\visual studio 2022 project\system_evolution_ecosystem\x64\debug\ecosyste.cc9e4136.tlog\cl.write.1.tlog
x:\tout le reste\visual studio 2022 project\system_evolution_ecosystem\x64\debug\ecosyste.cc9e4136.tlog\link.command.1.tlog
x:\tout le reste\visual studio 2022 project\system_evolution_ecosystem\x64\debug\ecosyste.cc9e4136.tlog\link.read.1.tlog
x:\tout le reste\visual studio 2022 project\system_evolution_ecosystem\x64\debug\ecosyste.cc9e4136.tlog\link.write.1.tlog
