  GameObject.cpp
  ObjectA.cpp
  ObjectB.cpp
  ObjectC.cpp
  ObjectD.cpp
  main.cpp
  setup.cpp
X:\tout le reste\visual studio 2022 project\system_evolution_ecosystem\setup.cpp(9,86): warning C4244: 'argument' : conversion de 'T' en 'T', perte possible de données
          with
          [
              T=unsigned int
          ]
          and
          [
              T=float
          ]
X:\tout le reste\visual studio 2022 project\system_evolution_ecosystem\setup.cpp(9,57): warning C4244: 'argument' : conversion de 'T' en 'T', perte possible de données
          with
          [
              T=unsigned int
          ]
          and
          [
              T=float
          ]
X:\tout le reste\visual studio 2022 project\system_evolution_ecosystem\setup.cpp(14,86): warning C4244: 'argument' : conversion de 'T' en 'T', perte possible de données
          with
          [
              T=unsigned int
          ]
          and
          [
              T=float
          ]
X:\tout le reste\visual studio 2022 project\system_evolution_ecosystem\setup.cpp(14,57): warning C4244: 'argument' : conversion de 'T' en 'T', perte possible de données
          with
          [
              T=unsigned int
          ]
          and
          [
              T=float
          ]
X:\tout le reste\visual studio 2022 project\system_evolution_ecosystem\setup.cpp(19,86): warning C4244: 'argument' : conversion de 'T' en 'T', perte possible de données
          with
          [
              T=unsigned int
          ]
          and
          [
              T=float
          ]
X:\tout le reste\visual studio 2022 project\system_evolution_ecosystem\setup.cpp(19,57): warning C4244: 'argument' : conversion de 'T' en 'T', perte possible de données
          with
          [
              T=unsigned int
          ]
          and
          [
              T=float
          ]
X:\tout le reste\visual studio 2022 project\system_evolution_ecosystem\setup.cpp(24,86): warning C4244: 'argument' : conversion de 'T' en 'T', perte possible de données
          with
          [
              T=unsigned int
          ]
          and
          [
              T=float
          ]
X:\tout le reste\visual studio 2022 project\system_evolution_ecosystem\setup.cpp(24,57): warning C4244: 'argument' : conversion de 'T' en 'T', perte possible de données
          with
          [
              T=unsigned int
          ]
          and
          [
              T=float
          ]
X:\tout le reste\visual studio 2022 project\system_evolution_ecosystem\setup.cpp(100,75): warning C4244: 'argument' : conversion de 'int' en 'T', perte possible de données
          with
          [
              T=float
          ]
X:\tout le reste\visual studio 2022 project\system_evolution_ecosystem\setup.cpp(100,57): warning C4244: 'argument' : conversion de 'int' en 'T', perte possible de données
          with
          [
              T=float
          ]
X:\tout le reste\visual studio 2022 project\system_evolution_ecosystem\setup.cpp(119,75): warning C4244: 'argument' : conversion de 'int' en 'T', perte possible de données
          with
          [
              T=float
          ]
X:\tout le reste\visual studio 2022 project\system_evolution_ecosystem\setup.cpp(119,57): warning C4244: 'argument' : conversion de 'int' en 'T', perte possible de données
          with
          [
              T=float
          ]
X:\tout le reste\visual studio 2022 project\system_evolution_ecosystem\setup.cpp(138,75): warning C4244: 'argument' : conversion de 'int' en 'T', perte possible de données
          with
          [
              T=float
          ]
X:\tout le reste\visual studio 2022 project\system_evolution_ecosystem\setup.cpp(138,57): warning C4244: 'argument' : conversion de 'int' en 'T', perte possible de données
          with
          [
              T=float
          ]
X:\tout le reste\visual studio 2022 project\system_evolution_ecosystem\setup.cpp(242,36): warning C4244: 'argument' : conversion de 'float' en 'sf::Int32', perte possible de données
  Génération de code en cours...
X:\tout le reste\visual studio 2022 project\system_evolution_ecosystem\GameObject.cpp(113): warning C4715: 'GameObject::isAlive' : les chemins de contrôle ne retournent pas tous une valeur
  EcosystemEvolution.vcxproj -> X:\tout le reste\visual studio 2022 project\system_evolution_ecosystem\x64\Debug\EcosystemEvolution.exe
